<?xml version="1.0" encoding="UTF-8"?>
<!-- Generated by org.testng.reporters.JUnitXMLReporter -->
<testsuite hostname="DESKTOP-QUKQUNJ" name="Chrome BROWSER LOGINs" tests="2" failures="1" timestamp="8 Oct 2020 22:35:09 GMT" time="49.871" errors="0">
  <testcase name="Entertexbox" time="14.838" classname="com.Banking.testcases.TC_Iframe"/>
  <testcase name="applogin" time="16.569" classname="com.Banking.testcases.TC_Login">
    <failure type="java.lang.AssertionError" message="expected [true] but found [false]">
      <![CDATA[java.lang.AssertionError: expected [true] but found [false]
	at com.Banking.testcases.TC_Login.applogin(TC_Login.java:36)
... Removed 28 stack frames]]>
    </failure>
  </testcase> <!-- applogin -->
</testsuite> <!-- Chrome BROWSER LOGINs -->
