<?xml version="1.0" encoding="UTF-8"?>
<testng-results skipped="0" failed="1" total="2" passed="1">
  <reporter-output>
    <line>
      <![CDATA[entered text mainframe]]>
    </line>
    <line>
      <![CDATA[switched into frame3]]>
    </line>
    <line>
      <![CDATA[entered text inside frame3]]>
    </line>
    <line>
      <![CDATA[selected desired course]]>
    </line>
    <line>
      <![CDATA[switched back to frame3]]>
    </line>
    <line>
      <![CDATA[succesfully completed]]>
    </line>
  </reporter-output>
  <suite name="BankingSITEV1" duration-ms="49871" started-at="2020-10-08T22:34:19Z" finished-at="2020-10-08T22:35:09Z">
    <groups>
    </groups>
    <test name="Chrome BROWSER LOGINs" duration-ms="49871" started-at="2020-10-08T22:34:19Z" finished-at="2020-10-08T22:35:09Z">
      <class name="com.Banking.testcases.TC_Iframe">
        <test-method status="PASS" signature="setup(java.lang.String)[pri:0, instance:com.Banking.testcases.TC_Iframe@6ce139a4]" name="setup" is-config="true" duration-ms="6480" started-at="2020-10-08T18:34:20Z" finished-at="2020-10-08T18:34:26Z">
          <params>
            <param index="0">
              <value>
                <![CDATA[chrome]]>
              </value>
            </param>
          </params>
          <reporter-output>
          </reporter-output>
        </test-method> <!-- setup -->
        <test-method status="PASS" signature="Entertexbox()[pri:0, instance:com.Banking.testcases.TC_Iframe@6ce139a4]" name="Entertexbox" duration-ms="14838" started-at="2020-10-08T18:34:26Z" finished-at="2020-10-08T18:34:41Z">
          <reporter-output>
            <line>
              <![CDATA[entered text mainframe]]>
            </line>
            <line>
              <![CDATA[switched into frame3]]>
            </line>
            <line>
              <![CDATA[entered text inside frame3]]>
            </line>
            <line>
              <![CDATA[selected desired course]]>
            </line>
            <line>
              <![CDATA[switched back to frame3]]>
            </line>
            <line>
              <![CDATA[succesfully completed]]>
            </line>
          </reporter-output>
        </test-method> <!-- Entertexbox -->
        <test-method status="PASS" signature="closebrowser()[pri:0, instance:com.Banking.testcases.TC_Iframe@6ce139a4]" name="closebrowser" is-config="true" duration-ms="584" started-at="2020-10-08T18:34:41Z" finished-at="2020-10-08T18:34:41Z">
          <reporter-output>
          </reporter-output>
        </test-method> <!-- closebrowser -->
      </class> <!-- com.Banking.testcases.TC_Iframe -->
      <class name="com.Banking.testcases.TC_Login">
        <test-method status="PASS" signature="setup(java.lang.String)[pri:0, instance:com.Banking.testcases.TC_Login@318ba8c8]" name="setup" is-config="true" duration-ms="6888" started-at="2020-10-08T18:34:41Z" finished-at="2020-10-08T18:34:48Z">
          <params>
            <param index="0">
              <value>
                <![CDATA[chrome]]>
              </value>
            </param>
          </params>
          <reporter-output>
          </reporter-output>
        </test-method> <!-- setup -->
        <test-method status="FAIL" signature="applogin()[pri:0, instance:com.Banking.testcases.TC_Login@318ba8c8]" name="applogin" duration-ms="16569" started-at="2020-10-08T18:34:48Z" finished-at="2020-10-08T18:35:05Z">
          <exception class="java.lang.AssertionError">
            <message>
              <![CDATA[expected [true] but found [false]]]>
            </message>
            <full-stacktrace>
              <![CDATA[java.lang.AssertionError: expected [true] but found [false]
	at org.testng.Assert.fail(Assert.java:94)
	at org.testng.Assert.failNotEquals(Assert.java:494)
	at org.testng.Assert.assertTrue(Assert.java:42)
	at org.testng.Assert.assertTrue(Assert.java:52)
	at com.Banking.testcases.TC_Login.applogin(TC_Login.java:36)
	at sun.reflect.NativeMethodAccessorImpl.invoke0(Native Method)
	at sun.reflect.NativeMethodAccessorImpl.invoke(NativeMethodAccessorImpl.java:62)
	at sun.reflect.DelegatingMethodAccessorImpl.invoke(DelegatingMethodAccessorImpl.java:43)
	at java.lang.reflect.Method.invoke(Method.java:498)
	at org.testng.internal.MethodInvocationHelper.invokeMethod(MethodInvocationHelper.java:80)
	at org.testng.internal.Invoker.invokeMethod(Invoker.java:714)
	at org.testng.internal.Invoker.invokeTestMethod(Invoker.java:901)
	at org.testng.internal.Invoker.invokeTestMethods(Invoker.java:1231)
	at org.testng.internal.TestMethodWorker.invokeTestMethods(TestMethodWorker.java:127)
	at org.testng.internal.TestMethodWorker.run(TestMethodWorker.java:111)
	at org.testng.TestRunner.privateRun(TestRunner.java:767)
	at org.testng.TestRunner.run(TestRunner.java:617)
	at org.testng.SuiteRunner.runTest(SuiteRunner.java:334)
	at org.testng.SuiteRunner.runSequentially(SuiteRunner.java:329)
	at org.testng.SuiteRunner.privateRun(SuiteRunner.java:291)
	at org.testng.SuiteRunner.run(SuiteRunner.java:240)
	at org.testng.SuiteRunnerWorker.runSuite(SuiteRunnerWorker.java:52)
	at org.testng.SuiteRunnerWorker.run(SuiteRunnerWorker.java:86)
	at org.testng.TestNG.runSuitesSequentially(TestNG.java:1198)
	at org.testng.TestNG.runSuitesLocally(TestNG.java:1123)
	at org.testng.TestNG.run(TestNG.java:1031)
	at org.testng.remote.AbstractRemoteTestNG.run(AbstractRemoteTestNG.java:115)
	at org.testng.remote.RemoteTestNG.initAndRun(RemoteTestNG.java:251)
	at org.testng.remote.RemoteTestNG.main(RemoteTestNG.java:77)
]]>
            </full-stacktrace>
          </exception> <!-- java.lang.AssertionError -->
          <reporter-output>
          </reporter-output>
        </test-method> <!-- applogin -->
        <test-method status="PASS" signature="closebrowser()[pri:0, instance:com.Banking.testcases.TC_Login@318ba8c8]" name="closebrowser" is-config="true" duration-ms="4263" started-at="2020-10-08T18:35:05Z" finished-at="2020-10-08T18:35:09Z">
          <reporter-output>
          </reporter-output>
        </test-method> <!-- closebrowser -->
      </class> <!-- com.Banking.testcases.TC_Login -->
    </test> <!-- Chrome BROWSER LOGINs -->
  </suite> <!-- BankingSITEV1 -->
</testng-results>
